<?xml version="1.0" encoding="UTF-8"?>
<testsuite name="TamagotchiTest" tests="3" skipped="0" failures="0" errors="0" timestamp="2016-04-26T17:23:22" hostname="epicodus-67.local" time="0.001">
  <properties/>
  <testcase name="Tamagotchi_getsExercise_statChange" classname="TamagotchiTest" time="0.001"/>
  <testcase name="Tamagotchi_getsFed_statChange" classname="TamagotchiTest" time="0.0"/>
  <testcase name="Tamagotchi_instantiatesCorrectly_true" classname="TamagotchiTest" time="0.0"/>
  <system-out><![CDATA[]]></system-out>
  <system-err><![CDATA[]]></system-err>
</testsuite>
